Walker_Client/build/outputs/logs/manifest-merger-debug-report.txt
-- Merging decision tree log ---
manifest
ADDED from Walker_Client\AndroidManifest.xml:2:1-47:12
	package
		ADDED from Walker_Client\AndroidManifest.xml:3:5-37
	android:versionName
		ADDED from Walker_Client\AndroidManifest.xml:5:5-32
	android:versionCode
		ADDED from Walker_Client\AndroidManifest.xml:4:5-28
		INJECTED from Walker_Client\AndroidManifest.xml
		INJECTED from Walker_Client\AndroidManifest.xml
	xmlns:android
		ADDED from Walker_Client\AndroidManifest.xml:2:11-69
application
ADDED from Walker_Client\AndroidManifest.xml:8:5-35:19
	android:label
		ADDED from Walker_Client\AndroidManifest.xml:10:9-41
	android:icon
		ADDED from Walker_Client\AndroidManifest.xml:9:9-38
activity#com.adwalker.wall.demo.MainActivity
ADDED from Walker_Client\AndroidManifest.xml:11:9-19:20
	android:configChanges
		ADDED from Walker_Client\AndroidManifest.xml:13:13-63
	android:name
		ADDED from Walker_Client\AndroidManifest.xml:12:13-63
intent-filter#android.intent.action.MAIN+android.intent.category.LAUNCHER
ADDED from Walker_Client\AndroidManifest.xml:14:13-18:29
action#android.intent.action.MAIN
ADDED from Walker_Client\AndroidManifest.xml:15:17-69
	android:name
		ADDED from Walker_Client\AndroidManifest.xml:15:25-66
category#android.intent.category.LAUNCHER
ADDED from Walker_Client\AndroidManifest.xml:17:17-77
	android:name
		ADDED from Walker_Client\AndroidManifest.xml:17:27-74
activity#com.adwalker.wall.platform.layout.AdShowActivity
ADDED from Walker_Client\AndroidManifest.xml:20:9-23:20
	android:configChanges
		ADDED from Walker_Client\AndroidManifest.xml:22:13-63
	android:name
		ADDED from Walker_Client\AndroidManifest.xml:21:13-76
activity#com.adwalker.wall.platform.layout.AdDetailActivity
ADDED from Walker_Client\AndroidManifest.xml:26:9-28:66
	android:configChanges
		ADDED from Walker_Client\AndroidManifest.xml:28:13-63
	android:name
		ADDED from Walker_Client\AndroidManifest.xml:27:13-78
activity#com.adwalker.wall.platform.layout.AdShowWebActivity
ADDED from Walker_Client\AndroidManifest.xml:30:9-32:66
	android:configChanges
		ADDED from Walker_Client\AndroidManifest.xml:32:13-63
	android:name
		ADDED from Walker_Client\AndroidManifest.xml:31:13-79
service#com.adwalker.wall.service.AdwalkerWindowService
ADDED from Walker_Client\AndroidManifest.xml:34:9-83
	android:name
		ADDED from Walker_Client\AndroidManifest.xml:34:18-80
uses-permission#android.permission.INTERNET
ADDED from Walker_Client\AndroidManifest.xml:37:5-67
	android:name
		ADDED from Walker_Client\AndroidManifest.xml:37:22-64
uses-permission#android.permission.ACCESS_NETWORK_STATE
ADDED from Walker_Client\AndroidManifest.xml:38:5-79
	android:name
		ADDED from Walker_Client\AndroidManifest.xml:38:22-76
uses-permission#android.permission.READ_PHONE_STATE
ADDED from Walker_Client\AndroidManifest.xml:39:5-75
	android:name
		ADDED from Walker_Client\AndroidManifest.xml:39:22-72
uses-permission#android.permission.WRITE_EXTERNAL_STORAGE
ADDED from Walker_Client\AndroidManifest.xml:40:5-81
	android:name
		ADDED from Walker_Client\AndroidManifest.xml:40:22-78
uses-permission#android.permission.GET_TASKS
ADDED from Walker_Client\AndroidManifest.xml:41:5-68
	android:name
		ADDED from Walker_Client\AndroidManifest.xml:41:22-65
uses-permission#android.permission.ACCESS_WIFI_STATE
ADDED from Walker_Client\AndroidManifest.xml:42:5-76
	android:name
		ADDED from Walker_Client\AndroidManifest.xml:42:22-73
uses-permission#android.permission.SYSTEM_ALERT_WINDOW
ADDED from Walker_Client\AndroidManifest.xml:43:5-77
	android:name
		ADDED from Walker_Client\AndroidManifest.xml:43:22-75
uses-sdk
ADDED from Walker_Client\AndroidManifest.xml:45:5-43
	android:minSdkVersion
		ADDED from Walker_Client\AndroidManifest.xml:45:15-40